<?xml version="1.0" encoding="utf-8"?><testsuites name="pytest tests"><testsuite name="pytest" errors="0" failures="0" skipped="0" tests="2" time="0.259" timestamp="2026-09-17T16:18:22.628458+00:00" hostname="agent-env-e3f7eaa2-501b-470b-a068-825d67a1e82f"><testcase classname="tests.test_iter10_print_hardening" name="test_print_on_pending_order_returns_409" time="0.122" /><testcase classname="tests.test_iter10_print_hardening" name="test_accept_creates_exactly_one_kitchen_print_job_simulated" time="0.115" /></testsuite></testsuites>