<?xml version="1.0" encoding="utf-8"?><testsuites name="pytest tests"><testsuite name="pytest" errors="0" failures="0" skipped="0" tests="8" time="3.091" timestamp="2026-09-18T11:27:08.974148+00:00" hostname="agent-env-e3f7eaa2-501b-470b-a068-825d67a1e82f"><testcase classname="tests.test_iter11_final_polish.TestMenu" name="test_menu_categories_order_and_no_gluten_free" time="0.263" /><testcase classname="tests.test_iter11_final_polish.TestMenu" name="test_entrees_names" time="0.168" /><testcase classname="tests.test_iter11_final_polish.TestCategoryDelete" name="test_delete_pizza_category_400_when_has_products" time="0.434" /><testcase classname="tests.test_iter11_final_polish.TestCategoryDelete" name="test_delete_requires_auth_unauthenticated_forbidden" time="0.252" /><testcase classname="tests.test_iter11_final_polish.TestCategoryDelete" name="test_create_temp_category_then_delete_it" time="0.425" /><testcase classname="tests.test_iter11_final_polish.TestProductGlutenFreeOption" name="test_product_options_persist_and_patch" time="0.744" /><testcase classname="tests.test_iter11_final_polish.TestExtrasCRUD" name="test_full_lifecycle" time="0.628" /><testcase classname="tests.test_iter11_final_polish.TestExtrasCRUD" name="test_extras_requires_auth_unauthenticated_denied" time="0.130" /></testsuite></testsuites>