<?xml version="1.0" encoding="utf-8"?><testsuites name="pytest tests"><testsuite name="pytest" errors="0" failures="0" skipped="0" tests="21" time="6.112" timestamp="2026-09-15T16:28:41.535022+00:00" hostname="agent-env-e3f7eaa2-501b-470b-a068-825d67a1e82f"><testcase classname="tests.test_iter5_accounts_alcohol_photos.TestBootstrap" name="test_menu" time="0.189" /><testcase classname="tests.test_iter5_accounts_alcohol_photos.TestAuth" name="test_register_and_phone_normalisation" time="0.253" /><testcase classname="tests.test_iter5_accounts_alcohol_photos.TestAuth" name="test_register_duplicate_conflict" time="0.123" /><testcase classname="tests.test_iter5_accounts_alcohol_photos.TestAuth" name="test_login_wrong_password" time="0.178" /><testcase classname="tests.test_iter5_accounts_alcohol_photos.TestAuth" name="test_login_success" time="0.233" /><testcase classname="tests.test_iter5_accounts_alcohol_photos.TestAuth" name="test_me_requires_token" time="0.135" /><testcase classname="tests.test_iter5_accounts_alcohol_photos.TestAuth" name="test_me_with_token" time="0.130" /><testcase classname="tests.test_iter5_accounts_alcohol_photos.TestAuth" name="test_update_profile" time="0.111" /><testcase classname="tests.test_iter5_accounts_alcohol_photos.TestAuth" name="test_add_edit_delete_address" time="0.491" /><testcase classname="tests.test_iter5_accounts_alcohol_photos.TestAlcoholAgeAndUserBinding" name="test_beer_without_age_confirm_400_16plus" time="0.145" /><testcase classname="tests.test_iter5_accounts_alcohol_photos.TestAlcoholAgeAndUserBinding" name="test_beer_with_age_confirm_ok_and_age_required_16" time="0.192" /><testcase classname="tests.test_iter5_accounts_alcohol_photos.TestAlcoholAgeAndUserBinding" name="test_ticket_contains_age_16_control" time="0.161" /><testcase classname="tests.test_iter5_accounts_alcohol_photos.TestAlcoholAgeAndUserBinding" name="test_patch_to_spirits_makes_age_18" time="0.773" /><testcase classname="tests.test_iter5_accounts_alcohol_photos.TestAlcoholAgeAndUserBinding" name="test_order_without_alcohol_age_required_null" time="0.141" /><testcase classname="tests.test_iter5_accounts_alcohol_photos.TestAlcoholAgeAndUserBinding" name="test_logged_in_order_binds_user_id_and_saves_address" time="0.325" /><testcase classname="tests.test_iter5_accounts_alcohol_photos.TestAlcoholAgeAndUserBinding" name="test_my_orders_returns_user_orders" time="0.254" /><testcase classname="tests.test_iter5_accounts_alcohol_photos.TestCustomerSearch" name="test_search_by_phone_digits" time="0.177" /><testcase classname="tests.test_iter5_accounts_alcohol_photos.TestCustomerSearch" name="test_short_phone_rejected" time="0.200" /><testcase classname="tests.test_iter5_accounts_alcohol_photos.TestPhotos" name="test_upload_optimise_and_get" time="0.908" /><testcase classname="tests.test_iter5_accounts_alcohol_photos.TestPhotos" name="test_patch_product_with_images_persists_in_menu" time="0.741" /><testcase classname="tests.test_iter5_accounts_alcohol_photos.TestGuestRegression" name="test_guest_order_still_works" time="0.186" /></testsuite></testsuites>