<?xml version="1.0" encoding="utf-8"?><testsuites name="pytest tests"><testsuite name="pytest" errors="0" failures="0" skipped="0" tests="29" time="10.425" timestamp="2026-09-15T21:38:50.217673+00:00" hostname="agent-env-e3f7eaa2-501b-470b-a068-825d67a1e82f"><testcase classname="tests.test_staff_driver_iter7.TestStaffAuth" name="test_login_all_pins" time="1.365" /><testcase classname="tests.test_staff_driver_iter7.TestStaffAuth" name="test_wrong_pin_401" time="0.305" /><testcase classname="tests.test_staff_driver_iter7.TestStaffAuth" name="test_me_returns_role" time="0.074" /><testcase classname="tests.test_staff_driver_iter7.TestStaffAuth" name="test_closing_requires_manager" time="0.567" /><testcase classname="tests.test_staff_driver_iter7.TestStaffAuth" name="test_change_pin_flow" time="1.647" /><testcase classname="tests.test_staff_driver_iter7.TestFlowA_WebDelivery" name="test_create_delivery_order" time="0.203" /><testcase classname="tests.test_staff_driver_iter7.TestFlowA_WebDelivery" name="test_accept_and_double_accept" time="0.174" /><testcase classname="tests.test_staff_driver_iter7.TestFlowA_WebDelivery" name="test_assign_driver1" time="0.075" /><testcase classname="tests.test_staff_driver_iter7.TestFlowA_WebDelivery" name="test_driver1_sees_order" time="0.184" /><testcase classname="tests.test_staff_driver_iter7.TestFlowA_WebDelivery" name="test_driver2_blocked" time="0.474" /><testcase classname="tests.test_staff_driver_iter7.TestFlowA_WebDelivery" name="test_driver1_pickup_depart_delivered" time="0.569" /><testcase classname="tests.test_staff_driver_iter7.TestFlowA_WebDelivery" name="test_driver1_collect_cash" time="0.130" /><testcase classname="tests.test_staff_driver_iter7.TestFlowA_WebDelivery" name="test_closing_includes_flow_a" time="0.164" /><testcase classname="tests.test_staff_driver_iter7.TestFlowB_Pickup" name="test_full_pickup_flow" time="0.529" /><testcase classname="tests.test_staff_driver_iter7.TestFlowC_PhoneStation1" name="test_search_existing_customer" time="0.078" /><testcase classname="tests.test_staff_driver_iter7.TestFlowC_PhoneStation1" name="test_phone_order_station1_delivery" time="0.083" /><testcase classname="tests.test_staff_driver_iter7.TestFlowC_PhoneStation1" name="test_assign_and_driver2_depart_delivered" time="0.457" /><testcase classname="tests.test_staff_driver_iter7.TestFlowD_NewCustomerStation2" name="test_create_customer_and_phone_order" time="0.158" /><testcase classname="tests.test_staff_driver_iter7.TestFlowD_NewCustomerStation2" name="test_flow_d_driver3" time="0.543" /><testcase classname="tests.test_staff_driver_iter7.TestFlowD_NewCustomerStation2" name="test_flow_d_closing_diff" time="0.426" /><testcase classname="tests.test_staff_driver_iter7.TestFlowE_Alcohol" name="test_diavola_plus_wine" time="0.215" /><testcase classname="tests.test_staff_driver_iter7.TestTicketFormat" name="test_delivery_ticket_all_sections" time="0.083" /><testcase classname="tests.test_staff_driver_iter7.TestTicketFormat" name="test_terminal_ticket" time="0.450" /><testcase classname="tests.test_staff_driver_iter7.TestTicketFormat" name="test_pickup_ticket_no_qr" time="0.067" /><testcase classname="tests.test_staff_driver_iter7.TestConcurrency" name="test_idempotent_phone_order" time="0.297" /><testcase classname="tests.test_staff_driver_iter7.TestConcurrency" name="test_parallel_phone_orders_distinct_numbers" time="0.355" /><testcase classname="tests.test_staff_driver_iter7.TestConcurrency" name="test_reprint_without_force_conflicts" time="0.072" /><testcase classname="tests.test_staff_driver_iter7.TestConcurrency" name="test_assign_after_pickup_conflicts" time="0.481" /><testcase classname="tests.test_staff_driver_iter7.TestSourcesReport" name="test_sources_returns_all_four" time="0.133" /></testsuite></testsuites>