<?xml version="1.0" encoding="utf-8"?><testsuites name="pytest tests"><testsuite name="pytest" errors="0" failures="0" skipped="5" tests="34" time="7.706" timestamp="2026-09-21T11:17:24.473816+00:00" hostname="agent-env-e3f7eaa2-501b-470b-a068-825d67a1e82f"><testcase classname="tests.test_iter17_admin_customers.TestPublicMenu" name="test_menu_loads" time="0.214" /><testcase classname="tests.test_iter17_admin_customers.TestPublicMenu" name="test_menu_has_expected_pizzas" time="0.000" /><testcase classname="tests.test_iter17_admin_customers.TestCustomersAuth" name="test_list_requires_token" time="0.142" /><testcase classname="tests.test_iter17_admin_customers.TestCustomersAuth" name="test_phone_role_can_list" time="0.491"><skipped type="pytest.skip" message="phone-role PIN unknown (rotated from default 3456)">/app/backend/tests/test_iter17_admin_customers.py:86: phone-role PIN unknown (rotated from default 3456)</skipped></testcase><testcase classname="tests.test_iter17_admin_customers.TestCustomersAuth" name="test_manager_can_list" time="0.281" /><testcase classname="tests.test_iter17_admin_customers.TestCustomersAuth" name="test_marketing_export_forbidden_for_phone" time="0.000"><skipped type="pytest.skip" message="phone-role PIN unknown (rotated from default 3456)">/app/backend/tests/test_iter17_admin_customers.py:101: phone-role PIN unknown (rotated from default 3456)</skipped></testcase><testcase classname="tests.test_iter17_admin_customers.TestCustomersAuth" name="test_marketing_export_ok_for_manager" time="0.066" /><testcase classname="tests.test_iter17_admin_customers.TestCustomersSearch" name="test_search_by_name_email_phone" time="0.185" /><testcase classname="tests.test_iter17_admin_customers.TestCustomersSearch" name="test_filter_yes_no_all" time="0.196" /><testcase classname="tests.test_iter17_admin_customers.TestProductCreate" name="test_created_and_persisted" time="0.062" /><testcase classname="tests.test_iter17_admin_customers.TestProductCreate" name="test_appears_in_menu" time="0.161" /><testcase classname="tests.test_iter17_admin_customers.TestPhotoUpload" name="test_upload_jpg" time="0.858" /><testcase classname="tests.test_iter17_admin_customers.TestPhotoUpload" name="test_upload_png" time="0.211" /><testcase classname="tests.test_iter17_admin_customers.TestPhotoUpload" name="test_upload_requires_manager" time="0.000"><skipped type="pytest.skip" message="phone-role PIN unknown (rotated from default 3456)">/app/backend/tests/test_iter17_admin_customers.py:252: phone-role PIN unknown (rotated from default 3456)</skipped></testcase><testcase classname="tests.test_iter17_admin_customers.TestEditMargherita" name="test_change_and_restore_40cm_price" time="0.459" /><testcase classname="tests.test_iter17_admin_customers.TestExtrasCreate" name="test_extra_created_with_size_prices" time="0.065" /><testcase classname="tests.test_iter17_admin_customers.TestExtrasCreate" name="test_menu_extras_contain_new" time="0.150" /><testcase classname="tests.test_iter17_admin_customers.TestExtrasCreate" name="test_allowed_extras_updated_on_customizable_products" time="0.145" /><testcase classname="tests.test_iter17_admin_customers.TestExtrasEditRestore" name="test_edit_three_and_restore" time="1.070" /><testcase classname="tests.test_iter17_admin_customers.TestExtrasDelete" name="test_delete_zztest_truffe" time="0.276" /><testcase classname="tests.test_iter17_admin_customers.TestMarketingCheckout" name="test_place_no_consent" time="0.274" /><testcase classname="tests.test_iter17_admin_customers.TestMarketingCheckout" name="test_place_with_consent" time="0.240" /><testcase classname="tests.test_iter17_admin_customers.TestMarketingCheckout" name="test_customer_row_marketing_yes" time="0.563" /><testcase classname="tests.test_iter17_admin_customers.TestMarketingCheckout" name="test_customer_row_marketing_no_untouched" time="0.063" /><testcase classname="tests.test_iter17_admin_customers.TestMarketingCheckout" name="test_csv_contains_test_consent" time="0.068" /><testcase classname="tests.test_iter17_admin_customers.TestMarketingCheckout" name="test_manager_toggle_consent_off" time="0.195" /><testcase classname="tests.test_iter17_admin_customers.TestMarketingAccount" name="test_register_opts_in" time="0.607" /><testcase classname="tests.test_iter17_admin_customers.TestMarketingAccount" name="test_toggle_off" time="0.111" /><testcase classname="tests.test_iter17_admin_customers.TestMarketingAccount" name="test_toggle_on" time="0.138" /><testcase classname="tests.test_iter17_admin_customers.TestMarketingAccount" name="test_appears_in_staff_customers" time="0.064" /><testcase classname="tests.test_iter17_admin_customers.TestCustomerProfile" name="test_manager_profile_matches_orders_count" time="0.122" /><testcase classname="tests.test_iter17_admin_customers.TestCustomerProfile" name="test_phone_role_can_read_profile" time="0.000"><skipped type="pytest.skip" message="phone-role PIN unknown (rotated from default 3456)">/app/backend/tests/test_iter17_admin_customers.py:565: phone-role PIN unknown (rotated from default 3456)</skipped></testcase><testcase classname="tests.test_iter17_admin_customers.TestCustomerProfile" name="test_phone_role_cannot_set_marketing" time="0.000"><skipped type="pytest.skip" message="phone-role PIN unknown (rotated from default 3456)">/app/backend/tests/test_iter17_admin_customers.py:571: phone-role PIN unknown (rotated from default 3456)</skipped></testcase><testcase classname="tests.test_iter17_admin_customers.TestProductValidation" name="test_missing_name_fr" time="0.187" /></testsuite></testsuites>