<?xml version="1.0" encoding="utf-8"?><testsuites name="pytest tests"><testsuite name="pytest" errors="0" failures="0" skipped="0" tests="17" time="2.285" timestamp="2026-09-15T20:03:24.892832+00:00" hostname="agent-env-e3f7eaa2-501b-470b-a068-825d67a1e82f"><testcase classname="tests.test_phone_orders_iter6.TestPhoneOrderCreate" name="test_create_customer_with_address" time="0.244" /><testcase classname="tests.test_phone_orders_iter6.TestPhoneOrderCreate" name="test_phone_order_delivery_cash_station1" time="0.197" /><testcase classname="tests.test_phone_orders_iter6.TestPhoneOrderCreate" name="test_customers_search_returns_account_and_order" time="0.086" /><testcase classname="tests.test_phone_orders_iter6.TestPhoneOrderCreate" name="test_phone_order_pickup_terminal_station2" time="0.126" /><testcase classname="tests.test_phone_orders_iter6.TestPhoneOrderCreate" name="test_both_orders_active" time="0.108" /><testcase classname="tests.test_phone_orders_iter6.TestPhoneOrderCreate" name="test_pickup_pay_at_pickup_and_ticket" time="0.174" /><testcase classname="tests.test_phone_orders_iter6.TestPhoneOrderCreate" name="test_delivery_exact_time_1945" time="0.162" /><testcase classname="tests.test_phone_orders_iter6.TestPhoneOrderCreate" name="test_pizza_extras_removed_note" time="0.155" /><testcase classname="tests.test_phone_orders_iter6.TestPhoneOrderCreate" name="test_mixed_vat_alcohol_age16" time="0.230" /><testcase classname="tests.test_phone_orders_iter6.TestPhoneOrderCreate" name="test_print_jobs_single_kitchen_per_phone_order" time="0.074" /><testcase classname="tests.test_phone_orders_iter6.TestPhoneOrderCreate" name="test_reprint_conflict_and_force" time="0.162" /><testcase classname="tests.test_phone_orders_iter6.TestAssignDriver" name="test_assign_delivery_ok" time="0.079" /><testcase classname="tests.test_phone_orders_iter6.TestAssignDriver" name="test_assign_pickup_400" time="0.089" /><testcase classname="tests.test_phone_orders_iter6.TestPhoneOrderValidation" name="test_invalid_station" time="0.077" /><testcase classname="tests.test_phone_orders_iter6.TestPhoneOrderValidation" name="test_invalid_payment_method" time="0.070" /><testcase classname="tests.test_phone_orders_iter6.TestRegression" name="test_normal_order_still_pending" time="0.078" /><testcase classname="tests.test_phone_orders_iter6.TestRegression" name="test_menu_still_ok" time="0.083" /></testsuite></testsuites>