<?xml version="1.0" encoding="utf-8"?><testsuites name="pytest tests"><testsuite name="pytest" errors="0" failures="0" skipped="0" tests="5" time="2.729" timestamp="2026-09-15T22:25:29.816546+00:00" hostname="agent-env-e3f7eaa2-501b-470b-a068-825d67a1e82f"><testcase classname="tests.test_security_iter8_spot" name="test_public_menu" time="0.287" /><testcase classname="tests.test_security_iter8_spot" name="test_orders_requires_auth" time="0.194" /><testcase classname="tests.test_security_iter8_spot" name="test_orders_kitchen_allowed" time="0.449" /><testcase classname="tests.test_security_iter8_spot" name="test_closing_kitchen_forbidden" time="0.370" /><testcase classname="tests.test_security_iter8_spot" name="test_closing_manager_allowed" time="1.412" /></testsuite></testsuites>