<?xml version="1.0" encoding="utf-8"?><testsuites name="pytest tests"><testsuite name="pytest" errors="0" failures="0" skipped="0" tests="9" time="1.801" timestamp="2026-09-19T09:37:04.112723+00:00" hostname="agent-env-e3f7eaa2-501b-470b-a068-825d67a1e82f"><testcase classname="tests.test_iter13_final_regression.TestOrdersEmailAndPayment" name="test_missing_email_returns_400" time="0.262" /><testcase classname="tests.test_iter13_final_regression.TestOrdersEmailAndPayment" name="test_invalid_email_returns_400" time="0.061" /><testcase classname="tests.test_iter13_final_regression.TestOrdersEmailAndPayment" name="test_pickup_terminal_creates_order" time="0.064" /><testcase classname="tests.test_iter13_final_regression.TestOrdersEmailAndPayment" name="test_delivery_cash_creates_order" time="0.067" /><testcase classname="tests.test_iter13_final_regression.TestPhoneOrdersNoEmail" name="test_phone_order_station[1]" time="0.359" /><testcase classname="tests.test_iter13_final_regression.TestPhoneOrdersNoEmail" name="test_phone_order_station[2]" time="0.192" /><testcase classname="tests.test_iter13_final_regression.TestMenuAndHighlight" name="test_category_order" time="0.080" /><testcase classname="tests.test_iter13_final_regression.TestMenuAndHighlight" name="test_single_highlight_moment" time="0.540" /><testcase classname="tests.test_iter13_final_regression.TestSupplementPerSize" name="test_three_sizes_extras" time="0.134" /></testsuite></testsuites>