<?xml version="1.0" encoding="utf-8"?><testsuites name="pytest tests"><testsuite name="pytest" errors="0" failures="0" skipped="0" tests="15" time="6.091" timestamp="2026-09-15T15:55:39.951312+00:00" hostname="agent-env-e3f7eaa2-501b-470b-a068-825d67a1e82f"><testcase classname="tests.test_vat_receipt" name="test_settings_has_fiscal_fields" time="0.317" /><testcase classname="tests.test_vat_receipt" name="test_settings_roundtrip" time="0.415" /><testcase classname="tests.test_vat_receipt" name="test_menu_vat_rates" time="0.124" /><testcase classname="tests.test_vat_receipt" name="test_v1_food_only" time="0.085" /><testcase classname="tests.test_vat_receipt" name="test_v2_food_plus_coca" time="0.106" /><testcase classname="tests.test_vat_receipt" name="test_v3_food_plus_beer" time="0.120" /><testcase classname="tests.test_vat_receipt" name="test_v4_food_extras_wine" time="0.102" /><testcase classname="tests.test_vat_receipt" name="test_v5_delivery_fee_vat" time="0.320" /><testcase classname="tests.test_vat_receipt" name="test_v6_quantity_seven_coca" time="0.108" /><testcase classname="tests.test_vat_receipt" name="test_v7_decimal_prices" time="0.103" /><testcase classname="tests.test_vat_receipt" name="test_historical_snapshot" time="0.443" /><testcase classname="tests.test_vat_receipt" name="test_receipt_text_food_only" time="0.256" /><testcase classname="tests.test_vat_receipt" name="test_receipt_text_mixed" time="2.615" /><testcase classname="tests.test_vat_receipt" name="test_receipt_print_and_409" time="0.395" /><testcase classname="tests.test_vat_receipt" name="test_ticket_has_no_tva_incluse" time="0.243" /></testsuite></testsuites>