<?xml version="1.0" encoding="utf-8"?><testsuites name="pytest tests"><testsuite name="pytest" errors="0" failures="0" skipped="0" tests="21" time="3.058" timestamp="2026-09-15T13:59:05.356852+00:00" hostname="agent-env-e3f7eaa2-501b-470b-a068-825d67a1e82f"><testcase classname="tests.test_hallo_magic_pizza.TestMenu" name="test_menu_shape" time="0.246" /><testcase classname="tests.test_hallo_magic_pizza.TestMenu" name="test_categories_include_gluten_free_filter" time="0.000" /><testcase classname="tests.test_hallo_magic_pizza.TestOrderCreate" name="test_pickup_with_size_option_extra_removed" time="0.096" /><testcase classname="tests.test_hallo_magic_pizza.TestOrderCreate" name="test_delivery_below_minimum" time="0.089" /><testcase classname="tests.test_hallo_magic_pizza.TestOrderCreate" name="test_delivery_zone_not_served" time="0.084" /><testcase classname="tests.test_hallo_magic_pizza.TestOrderCreate" name="test_delivery_valid" time="0.082" /><testcase classname="tests.test_hallo_magic_pizza.TestOrderCreate" name="test_alcohol_without_age_confirm" time="0.086" /><testcase classname="tests.test_hallo_magic_pizza.TestOrderLifecycle" name="test_accept_with_time" time="0.096" /><testcase classname="tests.test_hallo_magic_pizza.TestOrderLifecycle" name="test_accept_second_order_with_minutes" time="0.176" /><testcase classname="tests.test_hallo_magic_pizza.TestOrderLifecycle" name="test_delay_minutes" time="0.089" /><testcase classname="tests.test_hallo_magic_pizza.TestOrderLifecycle" name="test_delay_exact_time" time="0.084" /><testcase classname="tests.test_hallo_magic_pizza.TestOrderLifecycle" name="test_status_before_accept_fails" time="0.176" /><testcase classname="tests.test_hallo_magic_pizza.TestOrderLifecycle" name="test_invalid_status_for_pickup" time="0.078" /><testcase classname="tests.test_hallo_magic_pizza.TestOrderLifecycle" name="test_pickup_flow" time="0.330" /><testcase classname="tests.test_hallo_magic_pizza.TestOrderLifecycle" name="test_reprint_conflict_and_force" time="0.171" /><testcase classname="tests.test_hallo_magic_pizza.TestOrderLifecycle" name="test_ticket_contents" time="0.084" /><testcase classname="tests.test_hallo_magic_pizza.TestOrderList" name="test_list_active" time="0.088" /><testcase classname="tests.test_hallo_magic_pizza.TestOrderList" name="test_list_by_ids" time="0.080" /><testcase classname="tests.test_hallo_magic_pizza.TestAdmin" name="test_patch_product_availability" time="0.285" /><testcase classname="tests.test_hallo_magic_pizza.TestAdmin" name="test_settings_roundtrip" time="0.339" /><testcase classname="tests.test_hallo_magic_pizza.TestAdmin" name="test_extras_crud" time="0.239" /></testsuite></testsuites>